nohup: ignoring input
Status:	
	machine: minikube
	pid: 55795
	route: 10.96.0.0/12 -> 192.168.49.2
	minikube: Running
	services: [flask-service]
    errors: 
		minikube: no errors
		router: no errors
		loadbalancer emulator: no errors
Status:	
	machine: minikube
	pid: 55795
	route: 10.96.0.0/12 -> 192.168.49.2
	minikube: Running
	services: [flask-app, flask-service]
    errors: 
		minikube: no errors
		router: no errors
		loadbalancer emulator: no errors
! Executing "docker container inspect minikube --format={{.State.Status}}" took an unusually long time: 9.002235683s
* Restarting the docker service may improve performance.
Status:	
	machine: minikube
	pid: 55795
	route: 10.96.0.0/12 -> 192.168.49.2
	minikube: Stopped
	services: [flask-app, flask-service]
    errors: 
		minikube: no errors
		router: no errors
		loadbalancer emulator: no errors
